0 info it worked if it ends with ok
1 verbose cli [ '/usr/local/bin/node',
1 verbose cli   '/usr/local/bin/npm',
1 verbose cli   'install',
1 verbose cli   '--save',
1 verbose cli   'react-motion' ]
2 info using npm@2.11.3
3 info using node@v0.12.7
4 verbose install initial load of /home/dillon/not_work/Expandable/package.json
5 warn package.json react-expandable@1.0.0 No repository field.
6 warn package.json react-expandable@1.0.0 No README data
7 verbose installManyTop reading scoped package data from /home/dillon/not_work/Expandable/node_modules/alt/package.json
8 verbose installManyTop reading scoped package data from /home/dillon/not_work/Expandable/node_modules/babel-core/package.json
9 verbose installManyTop reading scoped package data from /home/dillon/not_work/Expandable/node_modules/babel-loader/package.json
10 verbose installManyTop reading scoped package data from /home/dillon/not_work/Expandable/node_modules/confidence/package.json
11 verbose installManyTop reading scoped package data from /home/dillon/not_work/Expandable/node_modules/css-loader/package.json
12 verbose installManyTop reading scoped package data from /home/dillon/not_work/Expandable/node_modules/handlebars/package.json
13 verbose installManyTop reading scoped package data from /home/dillon/not_work/Expandable/node_modules/hapi/package.json
14 verbose installManyTop reading scoped package data from /home/dillon/not_work/Expandable/node_modules/hapi-auth-cookie/package.json
15 verbose installManyTop reading scoped package data from /home/dillon/not_work/Expandable/node_modules/lodash/package.json
16 verbose installManyTop reading scoped package data from /home/dillon/not_work/Expandable/node_modules/node-libs-browser/package.json
17 verbose installManyTop reading scoped package data from /home/dillon/not_work/Expandable/node_modules/react/package.json
18 verbose installManyTop reading scoped package data from /home/dillon/not_work/Expandable/node_modules/react-addons-create-fragment/package.json
19 verbose installManyTop reading scoped package data from /home/dillon/not_work/Expandable/node_modules/react-motion/package.json
20 verbose installManyTop reading scoped package data from /home/dillon/not_work/Expandable/node_modules/react-router/package.json
21 verbose installManyTop reading scoped package data from /home/dillon/not_work/Expandable/node_modules/style-loader/package.json
22 verbose installManyTop reading scoped package data from /home/dillon/not_work/Expandable/node_modules/webpack/package.json
23 info package.json babel-core@5.8.25 No README data
24 info package.json confidence@1.4.2 No license field.
25 info package.json react-addons-create-fragment@0.14.0 No repository field.
26 verbose readDependencies loading dependencies from /home/dillon/not_work/Expandable/package.json
27 verbose install react-motion is installed as 0.3.0
28 silly cache add args [ 'react-motion@^0.3.0', null ]
29 verbose cache add spec react-motion@^0.3.0
30 silly cache add parsed spec { raw: 'react-motion@^0.3.0',
30 silly cache add   scope: null,
30 silly cache add   name: 'react-motion',
30 silly cache add   rawSpec: '^0.3.0',
30 silly cache add   spec: '>=0.3.0 <0.4.0',
30 silly cache add   type: 'range' }
31 silly addNamed react-motion@>=0.3.0 <0.4.0
32 verbose addNamed ">=0.3.0 <0.4.0" is a valid semver range for react-motion
33 silly addNameRange { name: 'react-motion', range: '>=0.3.0 <0.4.0', hasData: false }
34 silly mapToRegistry name react-motion
35 silly mapToRegistry using default registry
36 silly mapToRegistry registry https://registry.npmjs.org/
37 silly mapToRegistry uri https://registry.npmjs.org/react-motion
38 verbose addNameRange registry:https://registry.npmjs.org/react-motion not in flight; fetching
39 verbose get https://registry.npmjs.org/react-motion not expired, no request
40 silly addNameRange number 2 { name: 'react-motion', range: '>=0.3.0 <0.4.0', hasData: true }
41 silly addNameRange versions [ 'react-motion',
41 silly addNameRange   [ '0.0.0',
41 silly addNameRange     '0.0.1',
41 silly addNameRange     '0.0.2',
41 silly addNameRange     '0.0.3',
41 silly addNameRange     '0.1.0',
41 silly addNameRange     '0.2.0',
41 silly addNameRange     '0.2.1',
41 silly addNameRange     '0.2.2',
41 silly addNameRange     '0.2.3',
41 silly addNameRange     '0.2.4',
41 silly addNameRange     '0.2.5',
41 silly addNameRange     '0.2.6',
41 silly addNameRange     '0.2.7',
41 silly addNameRange     '0.3.0',
41 silly addNameRange     '0.3.1' ] ]
42 silly addNamed react-motion@0.3.1
43 verbose addNamed "0.3.1" is a plain semver version for react-motion
44 silly cache afterAdd react-motion@0.3.1
45 verbose afterAdd /home/dillon/.npm/react-motion/0.3.1/package/package.json not in flight; writing
46 verbose afterAdd /home/dillon/.npm/react-motion/0.3.1/package/package.json written
47 silly install resolved [ { name: 'react-motion',
47 silly install resolved     version: '0.3.1',
47 silly install resolved     description: 'A spring that solves your animation problems.',
47 silly install resolved     main: 'lib/react-motion.js',
47 silly install resolved     peerDependencies: { react: '>=0.13.2 || ^0.14' },
47 silly install resolved     devDependencies:
47 silly install resolved      { babel: '^5.6.14',
47 silly install resolved        'babel-browser-transform': '^0.1.0',
47 silly install resolved        'babel-core': '^5.6.18',
47 silly install resolved        'babel-eslint': '^3.1.23',
47 silly install resolved        'babel-loader': '^5.3.1',
47 silly install resolved        codemirror: '^5.5.0',
47 silly install resolved        'colors-mini': '^1.0.2',
47 silly install resolved        'css-loader': '^0.19.0',
47 silly install resolved        diff: '^2.1.3',
47 silly install resolved        eslint: '^0.24.1',
47 silly install resolved        'eslint-config-airbnb': '0.0.6',
47 silly install resolved        'eslint-loader': '^0.14.1',
47 silly install resolved        'eslint-plugin-react': '^2.7.0',
47 silly install resolved        'inject-loader': '^2.0.1',
47 silly install resolved        'isparta-loader': '^0.2.0',
47 silly install resolved        'jasmine-core': '^2.3.4',
47 silly install resolved        karma: '^0.13.10',
47 silly install resolved        'karma-coverage': '^0.5.2',
47 silly install resolved        'karma-jasmine': '^0.3.6',
47 silly install resolved        'karma-phantomjs-launcher': '^0.2.0',
47 silly install resolved        'karma-webpack': '^1.7.0',
47 silly install resolved        'lodash.isequal': '^3.0.4',
47 silly install resolved        'lodash.range': '^3.0.1',
47 silly install resolved        phantomjs: '^1.9.17',
47 silly install resolved        react: '^0.14.0',
47 silly install resolved        'react-codemirror': '^0.1.2',
47 silly install resolved        'react-hot-loader': '^1.2.8',
47 silly install resolved        'style-loader': '^0.12.4',
47 silly install resolved        webpack: '^1.10.1',
47 silly install resolved        'webpack-dev-server': '^1.10.1' },
47 silly install resolved     scripts:
47 silly install resolved      { start: 'node server.js',
47 silly install resolved        'build-demos': 'webpack',
47 silly install resolved        lint: 'eslint --ext .js,.jsx .',
47 silly install resolved        prerelease: 'babel src --out-dir lib && babel native/non-compiled.js > native/index.js && webpack --config webpack.prod.config.js',
47 silly install resolved        test: 'karma start ./karma.conf.js --single-run',
47 silly install resolved        'test:travis': 'karma start ./karma.conf.js --single-run',
47 silly install resolved        'test:dev': 'karma start ./karma.conf.js --no-single-run --auto-watch',
47 silly install resolved        'test:cov': 'karma start ./karma.conf.js --single-run --reporters coverage',
47 silly install resolved        'gh-pages': 'git fetch origin && git checkout gh-pages && git reset --hard origin/gh-pages && git rebase origin/master --force-rebase && npm run build-demos && git add . && git commit --amend --no-edit && git push origin gh-pages --force && git checkout master' },
47 silly install resolved     repository:
47 silly install resolved      { type: 'git',
47 silly install resolved        url: 'git+https://github.com/chenglou/react-motion.git' },
47 silly install resolved     keywords:
47 silly install resolved      [ 'react',
47 silly install resolved        'component',
47 silly install resolved        'react-component',
47 silly install resolved        'transitiongroup',
47 silly install resolved        'spring',
47 silly install resolved        'tween',
47 silly install resolved        'motion',
47 silly install resolved        'animation',
47 silly install resolved        'transition',
47 silly install resolved        'ui' ],
47 silly install resolved     author: { name: 'chenglou' },
47 silly install resolved     license: 'MIT',
47 silly install resolved     dependencies: { 'performance-now': '^0.2.0', raf: '^3.1.0' },
47 silly install resolved     gitHead: 'cc852fe787bb15a8b4a9e51538e03c57d5543d2e',
47 silly install resolved     bugs: { url: 'https://github.com/chenglou/react-motion/issues' },
47 silly install resolved     homepage: 'https://github.com/chenglou/react-motion#readme',
47 silly install resolved     _id: 'react-motion@0.3.1',
47 silly install resolved     _shasum: 'ac331083e0c2a0fc02fb782110657b7fa3bd663d',
47 silly install resolved     _from: 'react-motion@>=0.3.0 <0.4.0',
47 silly install resolved     _npmVersion: '2.14.6',
47 silly install resolved     _nodeVersion: '4.1.2',
47 silly install resolved     _npmUser: { name: 'chenglou', email: 'chenglou92@gmail.com' },
47 silly install resolved     maintainers: [ [Object] ],
47 silly install resolved     dist:
47 silly install resolved      { shasum: 'ac331083e0c2a0fc02fb782110657b7fa3bd663d',
47 silly install resolved        tarball: 'http://registry.npmjs.org/react-motion/-/react-motion-0.3.1.tgz' },
47 silly install resolved     directories: {},
47 silly install resolved     _resolved: 'https://registry.npmjs.org/react-motion/-/react-motion-0.3.1.tgz',
47 silly install resolved     readme: 'ERROR: No README data found!' } ]
48 info install react-motion@0.3.1 into /home/dillon/not_work/Expandable
49 info installOne react-motion@0.3.1
50 verbose installOne of react-motion to /home/dillon/not_work/Expandable not in flight; installing
51 verbose lock using /home/dillon/.npm/_locks/react-motion-55ec05124867697b.lock for /home/dillon/not_work/Expandable/node_modules/react-motion
52 silly install write writing react-motion 0.3.1 to /home/dillon/not_work/Expandable/node_modules/react-motion
53 verbose unbuild node_modules/react-motion
54 info preuninstall react-motion@0.3.0
55 info uninstall react-motion@0.3.0
56 verbose unbuild rmStuff react-motion@0.3.0 from /home/dillon/not_work/Expandable/node_modules
57 info postuninstall react-motion@0.3.0
58 silly gentlyRm /home/dillon/not_work/Expandable/node_modules/react-motion is being purged from base /home/dillon/not_work/Expandable
59 verbose gentlyRm don't care about contents; nuking /home/dillon/not_work/Expandable/node_modules/react-motion
60 silly vacuum-fs purging /home/dillon/not_work/Expandable/node_modules/react-motion
61 silly vacuum-fs quitting because other entries in /home/dillon/not_work/Expandable/node_modules
62 verbose tar unpack /home/dillon/.npm/react-motion/0.3.1/package.tgz
63 verbose tar unpacking to /home/dillon/not_work/Expandable/node_modules/react-motion
64 silly gentlyRm /home/dillon/not_work/Expandable/node_modules/react-motion is being purged
65 verbose gentlyRm don't care about contents; nuking /home/dillon/not_work/Expandable/node_modules/react-motion
66 silly gunzTarPerm modes [ '755', '644' ]
67 silly gunzTarPerm extractEntry package.json
68 silly gunzTarPerm extractEntry README.md
69 silly gunzTarPerm extractEntry LICENSE
70 silly gunzTarPerm extractEntry HISTORY.md
71 silly gunzTarPerm extractEntry lib/Types.js
72 silly gunzTarPerm extractEntry lib/hasReachedStyle.js
73 silly gunzTarPerm extractEntry lib/log.js
74 silly gunzTarPerm extractEntry lib/mergeDiff.js
75 silly gunzTarPerm extractEntry lib/noVelocity.js
76 silly gunzTarPerm extractEntry lib/deprecatedSprings.js
77 silly gunzTarPerm extractEntry lib/react-motion.js
78 silly gunzTarPerm extractEntry lib/reorderKeys.js
79 silly gunzTarPerm extractEntry lib/spring.js
80 silly gunzTarPerm extractEntry lib/stepper.js
81 silly gunzTarPerm extractEntry lib/stripStyle.js
82 silly gunzTarPerm extractEntry lib/components.js
83 silly gunzTarPerm extractEntry lib/updateTree.js
84 silly gunzTarPerm extractEntry lib/animationLoop.js
85 silly gunzTarPerm extractEntry lib/zero.js
86 silly gunzTarPerm extractEntry lib/presets.js
87 silly gunzTarPerm extractEntry native/index.js
88 silly gunzTarPerm extractEntry src/Types.js
89 silly gunzTarPerm extractEntry src/hasReachedStyle.js
90 silly gunzTarPerm extractEntry src/mergeDiff.js
91 silly gunzTarPerm extractEntry src/noVelocity.js
92 silly gunzTarPerm extractEntry src/deprecatedSprings.js
93 silly gunzTarPerm extractEntry src/react-motion.js
94 silly gunzTarPerm extractEntry src/reorderKeys.js
95 silly gunzTarPerm extractEntry src/spring.js
96 silly gunzTarPerm extractEntry src/stepper.js
97 silly gunzTarPerm extractEntry src/stripStyle.js
98 silly gunzTarPerm extractEntry src/components.js
99 silly gunzTarPerm extractEntry src/updateTree.js
100 silly gunzTarPerm extractEntry src/animationLoop.js
101 silly gunzTarPerm extractEntry src/zero.js
102 silly gunzTarPerm extractEntry src/presets.js
103 verbose write writing to /home/dillon/not_work/Expandable/node_modules/react-motion/package.json
104 info preinstall react-motion@0.3.1
105 verbose readDependencies loading dependencies from /home/dillon/not_work/Expandable/node_modules/react-motion/package.json
106 silly prepareForInstallMany adding performance-now@^0.2.0 from react-motion dependencies
107 silly prepareForInstallMany adding raf@^3.1.0 from react-motion dependencies
108 verbose readDependencies loading dependencies from /home/dillon/not_work/Expandable/node_modules/react-motion/package.json
109 silly cache add args [ 'raf@^3.1.0', null ]
110 verbose cache add spec raf@^3.1.0
111 silly cache add parsed spec { raw: 'raf@^3.1.0',
111 silly cache add   scope: null,
111 silly cache add   name: 'raf',
111 silly cache add   rawSpec: '^3.1.0',
111 silly cache add   spec: '>=3.1.0 <4.0.0',
111 silly cache add   type: 'range' }
112 silly addNamed raf@>=3.1.0 <4.0.0
113 verbose addNamed ">=3.1.0 <4.0.0" is a valid semver range for raf
114 silly addNameRange { name: 'raf', range: '>=3.1.0 <4.0.0', hasData: false }
115 silly mapToRegistry name raf
116 silly mapToRegistry using default registry
117 silly mapToRegistry registry https://registry.npmjs.org/
118 silly mapToRegistry uri https://registry.npmjs.org/raf
119 verbose addNameRange registry:https://registry.npmjs.org/raf not in flight; fetching
120 silly cache add args [ 'performance-now@^0.2.0', null ]
121 verbose cache add spec performance-now@^0.2.0
122 silly cache add parsed spec { raw: 'performance-now@^0.2.0',
122 silly cache add   scope: null,
122 silly cache add   name: 'performance-now',
122 silly cache add   rawSpec: '^0.2.0',
122 silly cache add   spec: '>=0.2.0 <0.3.0',
122 silly cache add   type: 'range' }
123 silly addNamed performance-now@>=0.2.0 <0.3.0
124 verbose addNamed ">=0.2.0 <0.3.0" is a valid semver range for performance-now
125 silly addNameRange { name: 'performance-now',
125 silly addNameRange   range: '>=0.2.0 <0.3.0',
125 silly addNameRange   hasData: false }
126 silly mapToRegistry name performance-now
127 silly mapToRegistry using default registry
128 silly mapToRegistry registry https://registry.npmjs.org/
129 silly mapToRegistry uri https://registry.npmjs.org/performance-now
130 verbose addNameRange registry:https://registry.npmjs.org/performance-now not in flight; fetching
131 verbose request uri https://registry.npmjs.org/raf
132 verbose request no auth needed
133 info attempt registry request try #1 at 15:58:35
134 verbose request using bearer token for auth
135 verbose request id 4f73f9fdf5879cbb
136 verbose etag "CWWBT4P3E4T5WKFP2QR6C59VB"
137 http request GET https://registry.npmjs.org/raf
138 verbose request uri https://registry.npmjs.org/performance-now
139 verbose request no auth needed
140 info attempt registry request try #1 at 15:58:35
141 verbose request using bearer token for auth
142 verbose etag "2D3AZXRLT3JDVZIA46AWEQJKS"
143 http request GET https://registry.npmjs.org/performance-now
144 http 304 https://registry.npmjs.org/raf
145 silly get cb [ 304,
145 silly get   { 'cache-control': 'max-age=60',
145 silly get     'accept-ranges': 'bytes',
145 silly get     date: 'Mon, 26 Oct 2015 22:58:35 GMT',
145 silly get     via: '1.1 varnish',
145 silly get     connection: 'keep-alive',
145 silly get     'x-served-by': 'cache-lax1425-LAX',
145 silly get     'x-cache': 'MISS',
145 silly get     'x-cache-hits': '0',
145 silly get     'x-timer': 'S1445900315.642943,VS0,VE74' } ]
146 verbose etag https://registry.npmjs.org/raf from cache
147 verbose get saving raf to /home/dillon/.npm/registry.npmjs.org/raf/.cache.json
148 silly addNameRange number 2 { name: 'raf', range: '>=3.1.0 <4.0.0', hasData: true }
149 silly addNameRange versions [ 'raf',
149 silly addNameRange   [ '0.0.0',
149 silly addNameRange     '0.0.1',
149 silly addNameRange     '0.0.2',
149 silly addNameRange     '0.0.3',
149 silly addNameRange     '0.1.0',
149 silly addNameRange     '0.1.1',
149 silly addNameRange     '0.1.2',
149 silly addNameRange     '0.1.3',
149 silly addNameRange     '0.2.0',
149 silly addNameRange     '1.0.0',
149 silly addNameRange     '1.0.1',
149 silly addNameRange     '2.0.0',
149 silly addNameRange     '2.0.1',
149 silly addNameRange     '2.0.2',
149 silly addNameRange     '2.0.3',
149 silly addNameRange     '2.0.4',
149 silly addNameRange     '3.0.0',
149 silly addNameRange     '3.1.0' ] ]
150 silly addNamed raf@3.1.0
151 verbose addNamed "3.1.0" is a plain semver version for raf
152 silly cache afterAdd raf@3.1.0
153 verbose afterAdd /home/dillon/.npm/raf/3.1.0/package/package.json not in flight; writing
154 verbose afterAdd /home/dillon/.npm/raf/3.1.0/package/package.json written
155 http 200 https://registry.npmjs.org/performance-now
156 silly get cb [ 200,
156 silly get   { server: 'CouchDB/1.5.0 (Erlang OTP/R16B03)',
156 silly get     etag: '"74GUQJK2PTV4DPBCJ2RTW9NEC"',
156 silly get     'content-type': 'application/json',
156 silly get     'cache-control': 'max-age=60',
156 silly get     'content-length': '9116',
156 silly get     'accept-ranges': 'bytes',
156 silly get     date: 'Mon, 26 Oct 2015 22:58:35 GMT',
156 silly get     via: '1.1 varnish',
156 silly get     connection: 'keep-alive',
156 silly get     'x-served-by': 'cache-lax1428-LAX',
156 silly get     'x-cache': 'MISS',
156 silly get     'x-cache-hits': '0',
156 silly get     'x-timer': 'S1445900315.669883,VS0,VE87',
156 silly get     vary: 'Accept' } ]
157 verbose get saving performance-now to /home/dillon/.npm/registry.npmjs.org/performance-now/.cache.json
158 silly addNameRange number 2 { name: 'performance-now',
158 silly addNameRange   range: '>=0.2.0 <0.3.0',
158 silly addNameRange   hasData: true }
159 silly addNameRange versions [ 'performance-now',
159 silly addNameRange   [ '0.1.0', '0.1.1', '0.1.2', '0.1.3', '0.1.4', '0.2.0' ] ]
160 silly addNamed performance-now@0.2.0
161 verbose addNamed "0.2.0" is a plain semver version for performance-now
162 silly cache afterAdd performance-now@0.2.0
163 verbose afterAdd /home/dillon/.npm/performance-now/0.2.0/package/package.json not in flight; writing
164 verbose afterAdd /home/dillon/.npm/performance-now/0.2.0/package/package.json written
165 silly install resolved [ { name: 'raf',
165 silly install resolved     version: '3.1.0',
165 silly install resolved     description: 'requestAnimationFrame polyfill for node and the browser',
165 silly install resolved     main: 'index.js',
165 silly install resolved     scripts:
165 silly install resolved      { testling: 'browserify test.js | testling',
165 silly install resolved        test: 'node test.js' },
165 silly install resolved     repository: { type: 'git', url: 'git://github.com/chrisdickinson/raf.git' },
165 silly install resolved     keywords: [ 'requestAnimationFrame', 'polyfill' ],
165 silly install resolved     author: { name: 'Chris Dickinson', email: 'chris@neversaw.us' },
165 silly install resolved     contributors: [ [Object] ],
165 silly install resolved     license: 'MIT',
165 silly install resolved     devDependencies: { testling: '~1.6.1', browserify: '~4.1.2', tape: '^4.0.0' },
165 silly install resolved     dependencies: { 'performance-now': '~0.2.0' },
165 silly install resolved     testling: { files: 'test.js', browsers: [Object] },
165 silly install resolved     gitHead: 'c9c566a78e71a50ae4ffbcd93cdcfecb513015dd',
165 silly install resolved     bugs: { url: 'https://github.com/chrisdickinson/raf/issues' },
165 silly install resolved     homepage: 'https://github.com/chrisdickinson/raf#readme',
165 silly install resolved     _id: 'raf@3.1.0',
165 silly install resolved     _shasum: '5d84bf81b57f979f8c492be08378c538bb4eecfc',
165 silly install resolved     _from: 'raf@>=3.1.0 <4.0.0',
165 silly install resolved     _npmVersion: '3.1.0',
165 silly install resolved     _nodeVersion: '2.0.1',
165 silly install resolved     _npmUser: { name: 'cmtegner', email: 'christian.tegner@gmail.com' },
165 silly install resolved     maintainers: [ [Object], [Object] ],
165 silly install resolved     dist:
165 silly install resolved      { shasum: '5d84bf81b57f979f8c492be08378c538bb4eecfc',
165 silly install resolved        tarball: 'http://registry.npmjs.org/raf/-/raf-3.1.0.tgz' },
165 silly install resolved     directories: {},
165 silly install resolved     _resolved: 'https://registry.npmjs.org/raf/-/raf-3.1.0.tgz',
165 silly install resolved     readme: 'ERROR: No README data found!' },
165 silly install resolved   { name: 'performance-now',
165 silly install resolved     description: 'Implements performance.now (based on process.hrtime).',
165 silly install resolved     keywords: [],
165 silly install resolved     version: '0.2.0',
165 silly install resolved     author: { name: 'Meryn Stol', email: 'merynstol@gmail.com' },
165 silly install resolved     license: 'MIT',
165 silly install resolved     homepage: 'https://github.com/meryn/performance-now',
165 silly install resolved     bugs: { url: 'https://github.com/meryn/performance-now/issues' },
165 silly install resolved     repository:
165 silly install resolved      { type: 'git',
165 silly install resolved        url: 'git://github.com/meryn/performance-now.git' },
165 silly install resolved     private: false,
165 silly install resolved     dependencies: {},
165 silly install resolved     devDependencies: { 'coffee-script': '~1.7.1', mocha: '~1.21.0' },
165 silly install resolved     optionalDependencies: {},
165 silly install resolved     main: 'lib/performance-now.js',
165 silly install resolved     scripts:
165 silly install resolved      { prepublish: 'npm test',
165 silly install resolved        pretest: 'make build',
165 silly install resolved        test: 'make test' },
165 silly install resolved     _id: 'performance-now@0.2.0',
165 silly install resolved     dist:
165 silly install resolved      { shasum: '33ef30c5c77d4ea21c5a53869d91b56d8f2555e5',
165 silly install resolved        tarball: 'http://registry.npmjs.org/performance-now/-/performance-now-0.2.0.tgz' },
165 silly install resolved     _from: 'performance-now@>=0.2.0 <0.3.0',
165 silly install resolved     _npmVersion: '1.3.24',
165 silly install resolved     _npmUser: { name: 'meryn', email: 'merynstol@gmail.com' },
165 silly install resolved     maintainers: [ [Object] ],
165 silly install resolved     directories: {},
165 silly install resolved     _shasum: '33ef30c5c77d4ea21c5a53869d91b56d8f2555e5',
165 silly install resolved     _resolved: 'https://registry.npmjs.org/performance-now/-/performance-now-0.2.0.tgz',
165 silly install resolved     readme: 'ERROR: No README data found!' } ]
166 info install raf@3.1.0 into /home/dillon/not_work/Expandable/node_modules/react-motion
167 info install performance-now@0.2.0 into /home/dillon/not_work/Expandable/node_modules/react-motion
168 info installOne raf@3.1.0
169 verbose installOne of raf to /home/dillon/not_work/Expandable/node_modules/react-motion not in flight; installing
170 info installOne performance-now@0.2.0
171 verbose installOne of performance-now to /home/dillon/not_work/Expandable/node_modules/react-motion not in flight; installing
172 verbose lock using /home/dillon/.npm/_locks/raf-48001d46eaca7741.lock for /home/dillon/not_work/Expandable/node_modules/react-motion/node_modules/raf
173 silly install write writing raf 3.1.0 to /home/dillon/not_work/Expandable/node_modules/react-motion/node_modules/raf
174 verbose lock using /home/dillon/.npm/_locks/performance-now-6f8670fb9451ad20.lock for /home/dillon/not_work/Expandable/node_modules/react-motion/node_modules/performance-now
175 silly install write writing performance-now 0.2.0 to /home/dillon/not_work/Expandable/node_modules/react-motion/node_modules/performance-now
176 verbose unbuild node_modules/react-motion/node_modules/raf
177 verbose unbuild node_modules/react-motion/node_modules/performance-now
178 silly gentlyRm /home/dillon/not_work/Expandable/node_modules/react-motion/node_modules/raf is being purged from base /home/dillon/not_work/Expandable
179 verbose gentlyRm don't care about contents; nuking /home/dillon/not_work/Expandable/node_modules/react-motion/node_modules/raf
180 verbose tar unpack /home/dillon/.npm/raf/3.1.0/package.tgz
181 verbose tar unpacking to /home/dillon/not_work/Expandable/node_modules/react-motion/node_modules/raf
182 silly gentlyRm /home/dillon/not_work/Expandable/node_modules/react-motion/node_modules/raf is being purged
183 verbose gentlyRm don't care about contents; nuking /home/dillon/not_work/Expandable/node_modules/react-motion/node_modules/raf
184 silly gentlyRm /home/dillon/not_work/Expandable/node_modules/react-motion/node_modules/performance-now is being purged from base /home/dillon/not_work/Expandable
185 verbose gentlyRm don't care about contents; nuking /home/dillon/not_work/Expandable/node_modules/react-motion/node_modules/performance-now
186 silly gunzTarPerm modes [ '755', '644' ]
187 verbose tar unpack /home/dillon/.npm/performance-now/0.2.0/package.tgz
188 verbose tar unpacking to /home/dillon/not_work/Expandable/node_modules/react-motion/node_modules/performance-now
189 silly gentlyRm /home/dillon/not_work/Expandable/node_modules/react-motion/node_modules/performance-now is being purged
190 verbose gentlyRm don't care about contents; nuking /home/dillon/not_work/Expandable/node_modules/react-motion/node_modules/performance-now
191 silly gunzTarPerm modes [ '755', '644' ]
192 silly gunzTarPerm extractEntry package.json
193 silly gunzTarPerm extractEntry package.json
194 silly gunzTarPerm extractEntry .npmignore
195 silly gunzTarPerm extractEntry README.md
196 silly gunzTarPerm extractEntry .npmignore
197 silly gunzTarPerm extractEntry README.md
198 silly gunzTarPerm extractEntry index.js
199 silly gunzTarPerm extractEntry test.js
200 silly gunzTarPerm extractEntry .tm_properties
201 silly gunzTarPerm extractEntry .travis.yml
202 silly gunzTarPerm extractEntry window.js
203 silly gunzTarPerm extractEntry Makefile
204 silly gunzTarPerm extractEntry lib/performance-now.js
205 silly gunzTarPerm extractEntry license.txt
206 silly gunzTarPerm extractEntry src/performance-now.coffee
207 silly gunzTarPerm extractEntry test/mocha.opts
208 silly gunzTarPerm extractEntry test/performance-now.coffee
209 verbose write writing to /home/dillon/not_work/Expandable/node_modules/react-motion/node_modules/raf/package.json
210 info preinstall raf@3.1.0
211 verbose readDependencies loading dependencies from /home/dillon/not_work/Expandable/node_modules/react-motion/node_modules/raf/package.json
212 verbose readDependencies loading dependencies from /home/dillon/not_work/Expandable/node_modules/react-motion/node_modules/raf/package.json
213 silly install resolved []
214 verbose about to build /home/dillon/not_work/Expandable/node_modules/react-motion/node_modules/raf
215 info build /home/dillon/not_work/Expandable/node_modules/react-motion/node_modules/raf
216 info linkStuff raf@3.1.0
217 silly linkStuff raf@3.1.0 has /home/dillon/not_work/Expandable/node_modules/react-motion/node_modules as its parent node_modules
218 verbose linkBins raf@3.1.0
219 verbose linkMans raf@3.1.0
220 verbose rebuildBundles raf@3.1.0
221 info install raf@3.1.0
222 info postinstall raf@3.1.0
223 verbose unlock done using /home/dillon/.npm/_locks/raf-48001d46eaca7741.lock for /home/dillon/not_work/Expandable/node_modules/react-motion/node_modules/raf
224 verbose write writing to /home/dillon/not_work/Expandable/node_modules/react-motion/node_modules/performance-now/package.json
225 info preinstall performance-now@0.2.0
226 verbose readDependencies loading dependencies from /home/dillon/not_work/Expandable/node_modules/react-motion/node_modules/performance-now/package.json
227 verbose readDependencies loading dependencies from /home/dillon/not_work/Expandable/node_modules/react-motion/node_modules/performance-now/package.json
228 silly install resolved []
229 verbose about to build /home/dillon/not_work/Expandable/node_modules/react-motion/node_modules/performance-now
230 info build /home/dillon/not_work/Expandable/node_modules/react-motion/node_modules/performance-now
231 info linkStuff performance-now@0.2.0
232 silly linkStuff performance-now@0.2.0 has /home/dillon/not_work/Expandable/node_modules/react-motion/node_modules as its parent node_modules
233 verbose linkBins performance-now@0.2.0
234 verbose linkMans performance-now@0.2.0
235 verbose rebuildBundles performance-now@0.2.0
236 info install performance-now@0.2.0
237 info postinstall performance-now@0.2.0
238 verbose unlock done using /home/dillon/.npm/_locks/performance-now-6f8670fb9451ad20.lock for /home/dillon/not_work/Expandable/node_modules/react-motion/node_modules/performance-now
239 verbose about to build /home/dillon/not_work/Expandable/node_modules/react-motion
240 info build /home/dillon/not_work/Expandable/node_modules/react-motion
241 info linkStuff react-motion@0.3.1
242 silly linkStuff react-motion@0.3.1 has /home/dillon/not_work/Expandable/node_modules as its parent node_modules
243 verbose linkBins react-motion@0.3.1
244 verbose linkMans react-motion@0.3.1
245 verbose rebuildBundles react-motion@0.3.1
246 verbose rebuildBundles [ 'performance-now', 'raf' ]
247 info install react-motion@0.3.1
248 info postinstall react-motion@0.3.1
249 verbose unlock done using /home/dillon/.npm/_locks/react-motion-55ec05124867697b.lock for /home/dillon/not_work/Expandable/node_modules/react-motion
250 verbose validateInstall loading /home/dillon/not_work/Expandable/package.json for validation
251 verbose stack Error: The package react does not satisfy its siblings' peerDependencies requirements!
251 verbose stack     at /usr/local/lib/node_modules/npm/lib/install.js:125:32
251 verbose stack     at /usr/local/lib/node_modules/npm/lib/install.js:267:7
251 verbose stack     at /usr/local/lib/node_modules/npm/node_modules/read-installed/read-installed.js:138:5
251 verbose stack     at /usr/local/lib/node_modules/npm/node_modules/read-installed/read-installed.js:251:14
251 verbose stack     at cb (/usr/local/lib/node_modules/npm/node_modules/slide/lib/async-map.js:47:24)
251 verbose stack     at /usr/local/lib/node_modules/npm/node_modules/read-installed/read-installed.js:251:14
251 verbose stack     at cb (/usr/local/lib/node_modules/npm/node_modules/slide/lib/async-map.js:47:24)
251 verbose stack     at /usr/local/lib/node_modules/npm/node_modules/read-installed/read-installed.js:251:14
251 verbose stack     at cb (/usr/local/lib/node_modules/npm/node_modules/slide/lib/async-map.js:47:24)
251 verbose stack     at /usr/local/lib/node_modules/npm/node_modules/read-installed/read-installed.js:251:14
252 verbose cwd /home/dillon/not_work/Expandable
253 error Linux 3.19.0-31-generic
254 error argv "/usr/local/bin/node" "/usr/local/bin/npm" "install" "--save" "react-motion"
255 error node v0.12.7
256 error npm  v2.11.3
257 error code EPEERINVALID
258 error peerinvalid The package react does not satisfy its siblings' peerDependencies requirements!
258 error peerinvalid Peer react-motion@0.3.1 wants react@>=0.13.2 || ^0.14
258 error peerinvalid Peer react-addons-create-fragment@0.14.0 wants react@^0.14.0
259 verbose exit [ 1, true ]
